# JRE version: OpenJDK Runtime Environment (17.0.11) (build 17.0.11+0--11852314)
# Java VM: OpenJDK 64-Bit Server VM (17.0.11+0--11852314, mixed mode, tiered, compressed oops, compressed class ptrs, g1 gc, windows-amd64)
GC Precious Log:
 CPUs: 8 total, 8 available
 Memory: 7103M
 Large Page Support: Disabled
 NUMA Support: Disabled
 Compressed Oops: Enabled (32-bit)
 Heap Region Size: 1M
 Heap Min Capacity: 8M
 Heap Initial Capacity: 112M
 Heap Max Capacity: 2G
 Pre-touch: Disabled
 Parallel Workers: 8
 Concurrent Workers: 2
 Concurrent Refinement Workers: 8
 Periodic GC: Disabled
Heap:
 garbage-first heap   total 307200K, used 190303K [0x0000000080000000, 0x0000000100000000)
  region size 1024K, 6 young (6144K), 4 survivors (4096K)
 Metaspace       used 139418K, committed 140608K, reserved 1179648K
  class space    used 19456K, committed 20032K, reserved 1048576K
GC Heap History (20 events):
Event: 460.248 GC heap before
{Heap before GC invocations=64 (full 0):
 garbage-first heap   total 199680K, used 169869K [0x0000000080000000, 0x0000000100000000)
  region size 1024K, 42 young (43008K), 5 survivors (5120K)
 Metaspace       used 130472K, committed 131392K, reserved 1179648K
  class space    used 18284K, committed 18752K, reserved 1048576K
}
Event: 460.254 GC heap after
{Heap after GC invocations=65 (full 0):
 garbage-first heap   total 199680K, used 134294K [0x0000000080000000, 0x0000000100000000)
  region size 1024K, 4 young (4096K), 4 survivors (4096K)
 Metaspace       used 130472K, committed 131392K, reserved 1179648K
  class space    used 18284K, committed 18752K, reserved 1048576K
}
Event: 461.025 GC heap before
{Heap before GC invocations=65 (full 0):
 garbage-first heap   total 199680K, used 170134K [0x0000000080000000, 0x0000000100000000)
  region size 1024K, 40 young (40960K), 4 survivors (4096K)
 Metaspace       used 132863K, committed 133824K, reserved 1179648K
  class space    used 18738K, committed 19200K, reserved 1048576K
}
Event: 461.032 GC heap after
{Heap after GC invocations=66 (full 0):
 garbage-first heap   total 199680K, used 135512K [0x0000000080000000, 0x0000000100000000)
  region size 1024K, 4 young (4096K), 4 survivors (4096K)
 Metaspace       used 132863K, committed 133824K, reserved 1179648K
  class space    used 18738K, committed 19200K, reserved 1048576K
}
Event: 461.481 GC heap before
{Heap before GC invocations=66 (full 0):
 garbage-first heap   total 199680K, used 160088K [0x0000000080000000, 0x0000000100000000)
  region size 1024K, 16 young (16384K), 4 survivors (4096K)
 Metaspace       used 134062K, committed 135040K, reserved 1179648K
  class space    used 18912K, committed 19392K, reserved 1048576K
}
Event: 461.489 GC heap after
{Heap after GC invocations=67 (full 0):
 garbage-first heap   total 199680K, used 150439K [0x0000000080000000, 0x0000000100000000)
  region size 1024K, 1 young (1024K), 1 survivors (1024K)
 Metaspace       used 134062K, committed 135040K, reserved 1179648K
  class space    used 18912K, committed 19392K, reserved 1048576K
}
Event: 705.551 GC heap before
{Heap before GC invocations=68 (full 0):
 garbage-first heap   total 261120K, used 168871K [0x0000000080000000, 0x0000000100000000)
  region size 1024K, 17 young (17408K), 1 survivors (1024K)
 Metaspace       used 134300K, committed 135296K, reserved 1179648K
  class space    used 18942K, committed 19456K, reserved 1048576K
}
Event: 705.570 GC heap after
{Heap after GC invocations=69 (full 0):
 garbage-first heap   total 261120K, used 136286K [0x0000000080000000, 0x0000000100000000)
  region size 1024K, 1 young (1024K), 1 survivors (1024K)
 Metaspace       used 134300K, committed 135296K, reserved 1179648K
  class space    used 18942K, committed 19456K, reserved 1048576K
}
Event: 705.645 GC heap before
{Heap before GC invocations=69 (full 0):
 garbage-first heap   total 261120K, used 147550K [0x0000000080000000, 0x0000000100000000)
  region size 1024K, 12 young (12288K), 1 survivors (1024K)
 Metaspace       used 134382K, committed 135360K, reserved 1179648K
  class space    used 18959K, committed 19456K, reserved 1048576K
}
Event: 705.686 GC heap after
{Heap after GC invocations=70 (full 0):
 garbage-first heap   total 261120K, used 124725K [0x0000000080000000, 0x0000000100000000)
  region size 1024K, 2 young (2048K), 2 survivors (2048K)
 Metaspace       used 134382K, committed 135360K, reserved 1179648K
  class space    used 18959K, committed 19456K, reserved 1048576K
}
Event: 707.831 GC heap before
{Heap before GC invocations=70 (full 0):
 garbage-first heap   total 261120K, used 220981K [0x0000000080000000, 0x0000000100000000)
  region size 1024K, 97 young (99328K), 2 survivors (2048K)
 Metaspace       used 136742K, committed 137856K, reserved 1179648K
  class space    used 19221K, committed 19776K, reserved 1048576K
}
Event: 707.855 GC heap after
{Heap after GC invocations=71 (full 0):
 garbage-first heap   total 261120K, used 134671K [0x0000000080000000, 0x0000000100000000)
  region size 1024K, 11 young (11264K), 11 survivors (11264K)
 Metaspace       used 136742K, committed 137856K, reserved 1179648K
  class space    used 19221K, committed 19776K, reserved 1048576K
}
Event: 710.942 GC heap before
{Heap before GC invocations=71 (full 0):
 garbage-first heap   total 261120K, used 169487K [0x0000000080000000, 0x0000000100000000)
  region size 1024K, 47 young (48128K), 11 survivors (11264K)
 Metaspace       used 137962K, committed 139072K, reserved 1179648K
  class space    used 19358K, committed 19904K, reserved 1048576K
}
Event: 710.958 GC heap after
{Heap after GC invocations=72 (full 0):
 garbage-first heap   total 261120K, used 136495K [0x0000000080000000, 0x0000000100000000)
  region size 1024K, 2 young (2048K), 2 survivors (2048K)
 Metaspace       used 137962K, committed 139072K, reserved 1179648K
  class space    used 19358K, committed 19904K, reserved 1048576K
}
Event: 801.630 GC heap before
{Heap before GC invocations=73 (full 0):
 garbage-first heap   total 307200K, used 271663K [0x0000000080000000, 0x0000000100000000)
  region size 1024K, 75 young (76800K), 2 survivors (2048K)
 Metaspace       used 138453K, committed 139584K, reserved 1179648K
  class space    used 19406K, committed 19968K, reserved 1048576K
}
Event: 801.640 GC heap after
{Heap after GC invocations=74 (full 0):
 garbage-first heap   total 307200K, used 143487K [0x0000000080000000, 0x0000000100000000)
  region size 1024K, 9 young (9216K), 9 survivors (9216K)
 Metaspace       used 138453K, committed 139584K, reserved 1179648K
  class space    used 19406K, committed 19968K, reserved 1048576K
}
Event: 801.755 GC heap before
{Heap before GC invocations=74 (full 0):
 garbage-first heap   total 307200K, used 149631K [0x0000000080000000, 0x0000000100000000)
  region size 1024K, 15 young (15360K), 9 survivors (9216K)
 Metaspace       used 138459K, committed 139584K, reserved 1179648K
  class space    used 19406K, committed 19968K, reserved 1048576K
}
Event: 801.774 GC heap after
{Heap after GC invocations=75 (full 0):
 garbage-first heap   total 307200K, used 143250K [0x0000000080000000, 0x0000000100000000)
  region size 1024K, 2 young (2048K), 2 survivors (2048K)
 Metaspace       used 138459K, committed 139584K, reserved 1179648K
  class space    used 19406K, committed 19968K, reserved 1048576K
}
Event: 808.488 GC heap before
{Heap before GC invocations=75 (full 0):
 garbage-first heap   total 307200K, used 233362K [0x0000000080000000, 0x0000000100000000)
  region size 1024K, 92 young (94208K), 2 survivors (2048K)
 Metaspace       used 139389K, committed 140544K, reserved 1179648K
  class space    used 19456K, committed 20032K, reserved 1048576K
}
Event: 808.494 GC heap after
{Heap after GC invocations=76 (full 0):
 garbage-first heap   total 307200K, used 145247K [0x0000000080000000, 0x0000000100000000)
  region size 1024K, 4 young (4096K), 4 survivors (4096K)
 Metaspace       used 139389K, committed 140544K, reserved 1179648K
  class space    used 19456K, committed 20032K, reserved 1048576K
}

