# JRE version: OpenJDK Runtime Environment (17.0.11) (build 17.0.11+0--11852314)
# Java VM: OpenJDK 64-Bit Server VM (17.0.11+0--11852314, mixed mode, tiered, compressed oops, compressed class ptrs, g1 gc, windows-amd64)
GC Precious Log:
 CPUs: 8 total, 8 available
 Memory: 7103M
 Large Page Support: Disabled
 NUMA Support: Disabled
 Compressed Oops: Enabled (32-bit)
 Heap Region Size: 1M
 Heap Min Capacity: 8M
 Heap Initial Capacity: 112M
 Heap Max Capacity: 2G
 Pre-touch: Disabled
 Parallel Workers: 8
 Concurrent Workers: 2
 Concurrent Refinement Workers: 8
 Periodic GC: Disabled
Heap:
 garbage-first heap   total 264192K, used 228763K [0x0000000080000000, 0x0000000100000000)
  region size 1024K, 14 young (14336K), 3 survivors (3072K)
 Metaspace       used 139765K, committed 140736K, reserved 1179648K
  class space    used 18233K, committed 18688K, reserved 1048576K
GC Heap History (20 events):
Event: 205.216 GC heap before
{Heap before GC invocations=52 (full 0):
 garbage-first heap   total 264192K, used 226501K [0x0000000080000000, 0x0000000100000000)
  region size 1024K, 39 young (39936K), 5 survivors (5120K)
 Metaspace       used 129127K, committed 130112K, reserved 1179648K
  class space    used 17093K, committed 17600K, reserved 1048576K
}
Event: 205.227 GC heap after
{Heap after GC invocations=53 (full 0):
 garbage-first heap   total 264192K, used 198026K [0x0000000080000000, 0x0000000100000000)
  region size 1024K, 5 young (5120K), 5 survivors (5120K)
 Metaspace       used 129127K, committed 130112K, reserved 1179648K
  class space    used 17093K, committed 17600K, reserved 1048576K
}
Event: 205.408 GC heap before
{Heap before GC invocations=53 (full 0):
 garbage-first heap   total 264192K, used 225674K [0x0000000080000000, 0x0000000100000000)
  region size 1024K, 32 young (32768K), 5 survivors (5120K)
 Metaspace       used 129238K, committed 130240K, reserved 1179648K
  class space    used 17093K, committed 17600K, reserved 1048576K
}
Event: 205.415 GC heap after
{Heap after GC invocations=54 (full 0):
 garbage-first heap   total 264192K, used 200566K [0x0000000080000000, 0x0000000100000000)
  region size 1024K, 3 young (3072K), 3 survivors (3072K)
 Metaspace       used 129238K, committed 130240K, reserved 1179648K
  class space    used 17093K, committed 17600K, reserved 1048576K
}
Event: 205.891 GC heap before
{Heap before GC invocations=54 (full 0):
 garbage-first heap   total 264192K, used 226166K [0x0000000080000000, 0x0000000100000000)
  region size 1024K, 28 young (28672K), 3 survivors (3072K)
 Metaspace       used 129245K, committed 130240K, reserved 1179648K
  class space    used 17093K, committed 17600K, reserved 1048576K
}
Event: 205.896 GC heap after
{Heap after GC invocations=55 (full 0):
 garbage-first heap   total 264192K, used 202794K [0x0000000080000000, 0x0000000100000000)
  region size 1024K, 3 young (3072K), 3 survivors (3072K)
 Metaspace       used 129245K, committed 130240K, reserved 1179648K
  class space    used 17093K, committed 17600K, reserved 1048576K
}
Event: 206.057 GC heap before
{Heap before GC invocations=55 (full 0):
 garbage-first heap   total 264192K, used 227370K [0x0000000080000000, 0x0000000100000000)
  region size 1024K, 27 young (27648K), 3 survivors (3072K)
 Metaspace       used 129321K, committed 130304K, reserved 1179648K
  class space    used 17093K, committed 17600K, reserved 1048576K
}
Event: 206.062 GC heap after
{Heap after GC invocations=56 (full 0):
 garbage-first heap   total 264192K, used 205972K [0x0000000080000000, 0x0000000100000000)
  region size 1024K, 4 young (4096K), 4 survivors (4096K)
 Metaspace       used 129321K, committed 130304K, reserved 1179648K
  class space    used 17093K, committed 17600K, reserved 1048576K
}
Event: 207.016 GC heap before
{Heap before GC invocations=56 (full 0):
 garbage-first heap   total 264192K, used 228500K [0x0000000080000000, 0x0000000100000000)
  region size 1024K, 26 young (26624K), 4 survivors (4096K)
 Metaspace       used 130245K, committed 131264K, reserved 1179648K
  class space    used 17097K, committed 17600K, reserved 1048576K
}
Event: 207.021 GC heap after
{Heap after GC invocations=57 (full 0):
 garbage-first heap   total 264192K, used 209505K [0x0000000080000000, 0x0000000100000000)
  region size 1024K, 4 young (4096K), 4 survivors (4096K)
 Metaspace       used 130245K, committed 131264K, reserved 1179648K
  class space    used 17097K, committed 17600K, reserved 1048576K
}
Event: 303.592 GC heap before
{Heap before GC invocations=57 (full 0):
 garbage-first heap   total 264192K, used 228961K [0x0000000080000000, 0x0000000100000000)
  region size 1024K, 23 young (23552K), 4 survivors (4096K)
 Metaspace       used 131066K, committed 132032K, reserved 1179648K
  class space    used 17177K, committed 17664K, reserved 1048576K
}
Event: 303.603 GC heap after
{Heap after GC invocations=58 (full 0):
 garbage-first heap   total 264192K, used 211172K [0x0000000080000000, 0x0000000100000000)
  region size 1024K, 2 young (2048K), 2 survivors (2048K)
 Metaspace       used 131066K, committed 132032K, reserved 1179648K
  class space    used 17177K, committed 17664K, reserved 1048576K
}
Event: 303.965 GC heap before
{Heap before GC invocations=58 (full 0):
 garbage-first heap   total 264192K, used 228580K [0x0000000080000000, 0x0000000100000000)
  region size 1024K, 20 young (20480K), 2 survivors (2048K)
 Metaspace       used 132623K, committed 133568K, reserved 1179648K
  class space    used 17391K, committed 17856K, reserved 1048576K
}
Event: 303.967 GC heap after
{Heap after GC invocations=59 (full 0):
 garbage-first heap   total 264192K, used 211534K [0x0000000080000000, 0x0000000100000000)
  region size 1024K, 3 young (3072K), 3 survivors (3072K)
 Metaspace       used 132623K, committed 133568K, reserved 1179648K
  class space    used 17391K, committed 17856K, reserved 1048576K
}
Event: 304.344 GC heap before
{Heap before GC invocations=59 (full 0):
 garbage-first heap   total 264192K, used 228942K [0x0000000080000000, 0x0000000100000000)
  region size 1024K, 21 young (21504K), 3 survivors (3072K)
 Metaspace       used 136298K, committed 137344K, reserved 1179648K
  class space    used 17861K, committed 18368K, reserved 1048576K
}
Event: 304.351 GC heap after
{Heap after GC invocations=60 (full 0):
 garbage-first heap   total 264192K, used 212572K [0x0000000080000000, 0x0000000100000000)
  region size 1024K, 2 young (2048K), 2 survivors (2048K)
 Metaspace       used 136298K, committed 137344K, reserved 1179648K
  class space    used 17861K, committed 18368K, reserved 1048576K
}
Event: 304.834 GC heap before
{Heap before GC invocations=60 (full 0):
 garbage-first heap   total 264192K, used 229980K [0x0000000080000000, 0x0000000100000000)
  region size 1024K, 20 young (20480K), 2 survivors (2048K)
 Metaspace       used 138170K, committed 139200K, reserved 1179648K
  class space    used 18061K, committed 18560K, reserved 1048576K
}
Event: 304.842 GC heap after
{Heap after GC invocations=61 (full 0):
 garbage-first heap   total 264192K, used 216092K [0x0000000080000000, 0x0000000100000000)
  region size 1024K, 3 young (3072K), 3 survivors (3072K)
 Metaspace       used 138170K, committed 139200K, reserved 1179648K
  class space    used 18061K, committed 18560K, reserved 1048576K
}
Event: 305.162 GC heap before
{Heap before GC invocations=61 (full 0):
 garbage-first heap   total 264192K, used 230428K [0x0000000080000000, 0x0000000100000000)
  region size 1024K, 17 young (17408K), 3 survivors (3072K)
 Metaspace       used 139235K, committed 140160K, reserved 1179648K
  class space    used 18173K, committed 18624K, reserved 1048576K
}
Event: 305.172 GC heap after
{Heap after GC invocations=62 (full 0):
 garbage-first heap   total 264192K, used 218523K [0x0000000080000000, 0x0000000100000000)
  region size 1024K, 3 young (3072K), 3 survivors (3072K)
 Metaspace       used 139235K, committed 140160K, reserved 1179648K
  class space    used 18173K, committed 18624K, reserved 1048576K
}

